28575
7793
12670
29217
21957
326
21957
5053
21957
21633
26081
6708
17225
8920
17225
28985
326
28985
8920
31911
15897
29871
8920
8920
8920
326
8920
17225
17225
17050
12670
26081
12670
15897
17225
17225
21957
326
8920
326
20643
326
31412
5053
7793
31412
25361
25361
23095
326
28985
5053
5053
15897
6708
17050
326
28231
6708
26081
326
28985
6708
7793
17225
12670
6708
326
17050
23095
28231
21957
7793
15897
28985
6708
21957
21633
25361
21957
18615
28575
29871
326
12670
12670
21633
21957
28985
6708
28231
9802
18284
12624
3527
25658
7599
3527
25865
30514
18284
7472
2959
2271
30514
28273
3712
3340
8087
18284
2959
12624
9802
28918
28273
5072
7113
29546
19294
24812
25658
26988
18473
2271
9694
26988
26807
24484
28062
28918
13534
2271
15058
12624
29546
3527
23457
3712
28062
30514
8087
26782
25658
26782
3340
28273
16455
7023
7599
13614
24351
13534
13399
9802
3712
16455
10090
9802
24351
9802
16455
9593
10090
9802
30514
2959
16455
30514
9802
3527
24484
7599
20615
24351
24812
20615
28510
15945
9387
8012
14429
4054
22196
8012
10589
17300
9097
8012
27041
15524
22529
12192
22254
20349
8596
26591
14578
1816
1852
1816
9097
22254
647
20349
9097
28335
9097
22254
24469
4054
15814
15524
28600
3527
20349
24469
8012
18831
8012
21267
12192
16583
24469
5066
22254
1816
15120
18831
4054
1852
8596
15524
27041
14841
21267
15120
15524
1816
10589
18831
9387
10589
22254
27447
5079
22196
15524
3244
18831
22529
28510
9387
14429
9387
1816
1816
27647
14578
647
1852
15945
647
27041
15524
5066
9097
9387
24469
27041
21267
14841
8596
5066
16379
29569
13211
22457
1413
1295
8356
31855
15551
1413
12478
9003
25569
8356
7020
21477
11321
6068
24498
1911
1911
27947
1911
1911
27947
1911
1911
27947
27947
27947
1911
1911
1911
1911
1911
1911
27947
1911
27947
27947
1911
1911
1911
2137
28389
28389
11974
4211
14011
4402
4166
9741
18534
11974
8457
4244
9950
5787
5396
23455
23426
5835
1968
26561
31885
25114
5787
15907
16472
20102
8022
3347
2917
8535
4515
19771
20503
7901
9201
2375
7947
26450
30681
5572
26825
11370
15881
14218
8573
21216
29883
16472
18911
12574
29883
24015
8819
11837
9201
30681
16472
5396
22149
5572
2917
32464
2366
25439
2794
20071
8022
4368
6145
2375
2366
21216
12016
2375
9201
2802
20071
28164
26825
6884
24015
29685
21084
24894
13241
3347
21084
5396
20102
6145
1881
20503
20102
15881
16118
26529
26957
8573
22149
20102
11467
11081
14177
7901
10985
2917
8153
13278
10085
13278
11370
9201
2917
26104
24596
5396
16008
28164
1775
17559
1775
23261
9761
1204
11566
28363
523
19443
6623
7075
17559
22982
19443
9761
1606
27455
25795
1204
5142
14463
26850
20688
15619
7874
205
7583
25172
19025
17612
523
15586
22524
25498
523
27098
523
12742
31651
26850
19443
2901
26218
22491
9854
26853
21895
13377
8480
26554
13237
1204
2901
5142
22081
26218
458
26853
6727
15227
11566
28363
13377
17612
17559
26853
17612
5322
15586
6623
1416
16003
25535
1770
30433
26308
18726
26869
8674
26308
799
8039
890
6385
15368
6603
7414
8958
31632
26940
16601
29388
26308
5416
7414
3909
5753
26940
24505
10455
8039
32020
24505
5468
16003
1770
16003
22662
268
799
21639
6938
5416
8134
29388
22745
2796
26713
7953
16601
1416
799
16601
26713
22662
27383
19828
1974
29388
11632
6385
2675
799
8134
2759
26713
26308
16003
6603
7414
5748
23983
22930
20566
22930
27339
8756
21323
3297
8795
21605
15550
4287
27561
32021
15550
23983
8795
8795
20082
8756
22930
32021
4287
4287
4287
23983
14177
26304
13910
14177
32021
27561
14177
5748
3297
20566
29874
15550
27339
20082
5748
3297
13910
8795
27339
21605
29874
4287
19270
27561
21323
28786
8756
23983
3297
8795
27561
32021
20082
20737
21488
8795
32021
8795
19270
23983
20566
20737
26304
3297
8756
15550
32021
5748
8795
21605
3297
31137
1619
788
13413
15464
7842
14209
31854
31137
30267
12316
19567
1619
27907
2620
1916
7356
8717
7356
12530
5949
3922
24430
4392
2343
7060
1916
7060
3922
29619
17231
17735
28571
4392
7356
25328
8023
29214
24028
12766
2343
6380
31513
18810
24430
16698
12530
8717
21709
6380
1703
8717
1703
23757
20168
7060
5224
1916
3922
27907
12530
2084
21709
5132
6380
2623
5132
24430
5224
27907
28571
1916
1916
4392
23757
8717
30335
1703
29619
5224
1188
25328
27907
29214
4822
16363
1666
32551
2051
8072
13910
10741
4425
22433
28994
26076
7553
3636
5793
26232
29070
2051
11052
4286
5793
11967
4822
25190
3216
10499
28315
11052
21973
1666
19229
24409
11967
28994
7489
7716
7553
7538
4286
29070
19229
30508
5793
4822
8774
17974
1666
11967
7538
10499
2051
30508
16363
12297
19229
4286
24111
8308
18300
24111
6131
4286
24173
18117
25324
12849
10359
27681
2599
1084
13343
9257
25907
31645
12849
31645
5672
5672
13627
13100
1804
11099
29055
24441
684
3093
32729
26030
22884
11319
1804
27013
1308
1308
11099
22347
6730
9344
684
6730
6730
13100
22884
6754
5640
13100
1804
1995
2248
32442
5605
25773
1995
14666
9301
17473
21450
20500
21450
10530
4239
4239
5296
30856
3920
3920
18282
21609
22390
5296
530
530
7324
530
2968
11633
25773
6961
13518
17678
6961
2093
147
2932
3598
147
7852
30393
7852
13736
15511
13758
2932
7531
1315
24757
3394
27089
2932
11803
147
20257
3394
23881
26320
3394
4601
24757
20706
147
2093
24757
25156
2932
147
4601
3394
15131
147
30315
2932
26171
4601
3598
32376
4601
10315
11803
2932
14358
147
3773
10315
1315
2093
27089
147
24757
5011
5011
13736
7077
16849
13758
28441
28441
28441
29467
29467
28441
28441
28441
29467
29467
29467
28441
29467
28441
28441
29467
28441
28441
29467
29467
28441
28441
29467
29467
29467
28441
28441
28441
28441
28441
29467
29467
28441
29467
28441
28441
29467
28441
28441
28441
28441
28441
28441
28441
28441
29467
31458
2479
2836
25041
4422
25041
26495
1530
2836
6623
4422
9478
26495
11045
12401
2836
5937
767
26957
2836
19520
18044
26495
11714
26495
18901
9111
19569
767
22277
23997
283
3773
27290
31331
17388
11139
432
28440
1193
15093
11399
7023
25895
283
19717
11139
22087
4025
18017
18196
15313
17957
431
2089
10844
29401
2089
11315
10222
1765
2089
10844
11315
4487
10844
4487
2880
9728
4487
10222
4487
29401
9728
29401
2880
15313
17699
10222
4487
11315
16263
9728
431
16263
15313
17699
4487
2880
9728
11171
11315
2089
29401
2880
431
10222
21408
6159
11315
2880
21408
17957
4487
17699
10222
6159
2880
10844
29401
2089
9728
11315
29401
4487
11315
16263
10844
6159
10222
16263
16263
9728
11171
4487
18196
2089
17813
21641
6200
12282
31059
23670
2714
24185
6872
26861
17213
11171
12053
25971
402
12282
20614
7786
16904
21365
21457
20614
888
7218
10672
12282
9472
11206
20614
3729
12331
5405
25280
12331
9900
25971
21086
12534
1508
3141
24450
23362
3141
888
13860
13860
5795
3141
11171
110
12929
5628
26045
1508
4571
110
16904
29125
26375
110
23012
12331
9900
31059
2527
17813
7218
20231
19593
2546
14182
6078
12395
7738
8925
16369
8547
16369
6078
14095
18497
24764
21978
3782
14748
19531
465
31478
20347
3672
19593
14182
5830
14684
6944
6133
6944
7738
25628
16205
16702
640
18497
640
18260
22184
465
16702
6944
640
8547
2648
30478
8355
6078
19419
23036
8663
16702
640
17279
3782
24764
25245
8355
13920
22184
16369
19602
11621
2648
7738
31478
23410
11860
12375
5487
8697
8697
16236
18272
18458
30225
19552
23410
21141
30730
11378
6954
16236
24662
8811
5487
8811
12493
4313
1591
31899
27449
22989
45
344
45
1591
14693
22274
12754
7124
18318
3420
14693
10709
8527
13712
3789
26988
3789
1145
31939
8527
7198
1545
1145
13712
6954
7612
10709
32653
3789
7612
4601
19378
9878
11265
31939
724
724
1145
19378
10709
8527
31939
8109
6954
31939
8527
11265
1145
26988
13712
13712
1545
7780
8527
30755
918
8527
7612
13712
30755
7198
8527
31704
724
918
10709
724
15699
13712
2133
7780
8109
1366
3467
22281
27837
6954
7198
22315
7198
1145
8527
7780
10709
918
1145
19378
14809
28484
23518
7906
23518
17084
29530
10410
12023
26445
27095
9828
1125
26467
22023
27466
916
24116
6096
10410
1046
27095
32208
1125
3315
30818
32208
28395
11289
2697
15443
22023
8837
22254
25520
22254
17084
5675
5824
27708
25908
8016
226
12023
27095
226
3502
12166
12295
21472
27084
1125
32208
17084
1125
31400
6351
921
10673
1046
3019
4040
11289
27084
15443
29971
15443
226
17084
7585
4157
1046
29971
24475
7585
12166
21110
8016
226
22175
11289
30818
29530
26467
13147
26467
31400
13147
17084
21153
22254
2623
7460
13147
13544
21153
11421
32747
916
916
921
24475
4040
23627
3686
22771
22771
22771
5266
12365
12365
3686
5266
2060
11115
2499
7094
500
1310
697
19828
13981
697
2510
23114
1310
1310
697
1310
11115
13981
13610
24272
10098
5519
16745
19315
1954
24054
29650
1475
18229
9248
745
9248
31225
9044
29952
18229
2455
745
2309
14050
1954
20295
14050
32189
745
2309
9907
1475
4183
14050
9907
29650
24054
29250
13591
24054
4183
20295
20295
7283
9044
31416
19110
4183
10307
2211
7525
745
31225
9044
10656
18229
9907
18817
31225
7283
2309
10307
31225
745
14050
29250
5680
3144
2633
8665
8813
20775
5680
19973
26688
12708
2633
3281
29617
10127
21772
22628
31346
28573
23969
7675
8813
23969
31745
1965
3281
12708
2633
8813
10127
31367
11246
2633
31346
28573
4475
11021
2447
11532
9561
13184
1127
25002
23221
14868
18523
9561
17393
5594
7902
1127
2578
24333
22378
7539
20799
17536
9561
32431
22378
8999
11850
8095
724
4381
9561
2447
7902
13184
24333
8999
2447
9561
20799
9561
810
2578
23221
18523
11632
11115
11632
8999
15584
13100
23221
1127
12518
16916
9561
6506
4381
11632
11532
2447
12518
16916
32431
7855
15802
8999
18684
810
765
24767
22378
20934
11532
7855
11850
20799
14868
15584
13734
15584
11532
30016
9561
7539
31271
12742
2092
4439
14944
11170
14113
11170
13159
5246
1483
4678
26610
23412
8158
1483
597
30434
12659
6382
17001
8158
18852
12659
5246
597
4440
14944
19789
12659
12084
10388
6914
26398
14997
922
25585
10388
4154
16217
922
4154
27695
14997
14512
16196
2646
3450
5248
5248
9018
22467
6077
29180
1101
31269
1705
17680
5968
1705
29771
19096
5968
31199
11402
24562
11402
18793
10529
13212
25479
25891
22988
23904
5968
1705
1024
20676
3200
11453
3015
11453
26329
551
10506
12525
26150
5968
20197
27263
1302
1302
1358
5705
16853
20676
25891
611
8810
1101
2935
1302
29458
26329
4853
2735
27513
31410
19096
3015
26329
6627
5968
1358
30430
1024
25871
26150
32114
5705
8810
29458
1705
2935
6077
29458
10529
4853
29551
29551
12269
2201
9557
5125
20825
8321
1081
5972
2617
3018
12269
1081
5125
2617
9557
1446
20825
3018
3018
1446
2617
1446
1446
2617
4701
18372
9557
1446
8321
20825
1446
30184
8321
32300
3018
30184
20825
5972
9557
29551
24258
1081
1081
2201
20825
32300
1081
1081
1446
12269
1081
1446
30184
12269
32352
29551
30811
30811
29551
30811
1446
24258
12269
18372
3018
8321
29551
3018
1081
20825
5972
4701
30184
1081
1446
3018
5972
3018
1446
3018
8321
1081
29551
8321
4701
30811
8321
2617
9557
18372
2201
2617
20825
30811
18372
4701
2617
16041
4998
29016
15267
19144
10644
14834
4584
24259
32611
9398
21935
29016
10644
27489
12018
24354
23421
29016
23421
24259
921
25267
10644
26124
25267
10644
8533
24354
14834
28986
921
4584
19217
12018
12235
921
16041
25267
921
19217
4584
17102
25267
3961
19144
18349
26124
17102
9398
21935
16041
13494
13494
921
921
8533
32242
921
9398
28986
15267
25267
19144
18349
10644
15267
18349
9398
32242
921
26124
4584
8533
15267
15267
8533
19217
19144
26124
13494
921
921
14834
16041
25267
4998
13494
24259
32611
20288
2861
22348
21000
22915
8107
24229
24303
31376
7387
32207
8107
16864
19590
8227
19590
7387
29092
25995
13577
31892
6951
20059
29901
30083
7387
18080
18080
839
7217
9277
28153
13234
13577
4761
22348
8227
839
27425
2760
2760
14127
15189
16864
13577
7387
13734
10955
14558
1802
3242
19699
17670
9708
3242
9708
25722
4653
32765
1802
10084
25151
4503
17670
17305
12577
17670
7332
9708
22086
9708
4523
25151
16008
12577
1447
18239
4560
2867
10319
4560
2867
30502
9512
8753
708
13494
8628
8395
13494
1862
6825
28387
22600
6825
9512
30830
3274
18486
708
1447
30830
1862
19063
7437
23389
31897
4560
6801
8628
18239
13932
16827
9071
8613
19915
3164
13955
11453
1266
29259
5401
14468
5401
4325
3164
8466
11795
11453
24054
11199
1266
1266
18292
11030
15382
2009
2366
9879
5401
2032
10544
12860
11795
3384
4808
11453
19782
2366
11453
30705
8613
28632
19915
29975
11795
8466
21197
8769
3164
9071
2009
3164
12860
2366
9638
2366
12860
21772
2032
12860
8769
12860
21197
5401
4802
4325
2661
705
4325
2661
705
31178
31798
24983
4325
19547
5811
5401
16809
9071
3470
11453
11453
9071
8769
21772
18619
17139
6617
19739
2138
361
12571
2749
6825
5827
16541
2138
17139
5463
10425
17492
10470
4263
11210
5463
11210
16185
9094
4263
23713
13529
32722
7931
32722
24853
8397
25285
20755
3681
15926
15926
11210
6834
4339
3681
22881
5935
22881
22209
23093
7931
20935
20616
3221
22881
2413
3708
2413
19916
9094
20616
6688
4222
23898
3221
23324
4263
5463
1758
26081
5481
20011
2355
17583
5844
10777
4222
10425
4339
5481
4373
11976
2413
2413
29067
32722
5481
4263
23898
2355
12631
29517
5481
2355
17583
10692
12085
29067
10777
10777
11410
32722
22209
5844
502
9094
4912
1107
18271
32539
12005
1107
6921
63
6921
18271
1107
18271
12174
32539
12005
3755
15430
17687
17380
32539
1107
27493
18271
16904
10903
15430
27493
27507
63
24802
24802
1107
17380
12005
3755
12005
3755
28877
32539
15430
28877
63
17396
17380
6921
28877
4438
1107
15430
18271
3755
3755
1107
17396
21964
21964
10677
13477
10677
7894
2326
10677
2326
2326
13477
21964
8494
7894
10677
7894
8494
7894
30247
7894
13477
23609
21964
30247
30247
13477
23609
21964
27902
27902
21964
2326
2326
27902
7894
8494
13477
23609
23609
7894
30247
8494
2326
8494
8494
8494
7894
2326
30247
7894
23609
7894
21964
21964
23609
8494
13477
10677
10677
7894
8494
30247
2326
8494
13477
7894
29357
14612
8988
1930
8370
17329
4889
22033
29357
6631
27878
8988
932
25575
2219
7062
45
263
3963
8697
1930
932
45
932
5435
5047
932
27735
12442
12442
26740
45
1930
30145
932
1858
9247
26481
12442
11388
24042
2569
370
14266
19011
1930
602
10939
17377
5798
8277
26481
24674
24674
7062
30779
14266
5209
26561
8697
24042
3963
22021
4889
3843
14612
7062
14612
4889
5798
130
14680
8277
1858
3843
29436
1930
11359
3418
8697
4889
24317
30779
263
932
45
17710
7223
10446
21267
8169
8169
16944
12260
32379
21267
19320
32379
11449
17710
7223
20072
19320
21267
10446
11449
20072
19320
7223
16944
12260
16944
17710
7223
12260
12260
17710
10446
16944
11902
20072
8169
8169
27724
17710
17710
12260
12260
12260
15391
10446
8169
10446
12260
32379
21267
16944
8169
17710
20072
10446
10446
30307
12260
10446
8169
32379
16944
8169
20072
7223
16944
10446
12260
10446
21267
8169
9579
14626
1395
25127
25127
9392
14626
1395
9579
4154
17336
1395
9936
4154
17336
9579
11546
9936
11709
11546
11709
9579
11709
21895
1395
28823
13468
4154
1395
1395
11709
9392
21895
4154
12038
21020
7097
6897
418
29899
29067
32021
5970
3403
16176
18680
15406
1784
14765
3022
14047
31079
3403
12415
6835
2513
4535
9492
3789
14047
18567
10399
3789
4535
14672
8356
3789
17377
22368
1784
29753
10156
14765
3022
25985
14047
2513
16266
18680
10344
4535
15885
12415
3403
8224
18680
10399
3403
15885
15406
6327
31079
13669
6835
10156
21078
18680
29067
6835
11524
803
25345
14122
20584
15474
19698
11429
10463
18295
30095
1581
32565
14852
3919
8727
22077
30344
17017
21535
12700
12700
8727
14122
11429
21535
6322
3748
24186
659
31576
3
19698
2390
28340
19959
803
19698
10463
32009
13112
2390
19698
14840
13435
25657
2057
6908
6908
10463
659
13112
14852
14122
25345
4319
17017
6995
31576
2057
24032
8727
16721
14852
30868
20522
6739
22567
20584
18295
16970
30095
3
19427
19959
2057
18295
6995
1174
24032
28220
30857
21535
2057
3919
16905
22047
2057
30857
23073
24726
2390
28220
10991
30095
16905
2057
28340
10991
3919
344
27511
27511
19241
5761
8347
5313
30062
27511
344
7213
344
14989
22239
12669
344
6560
344
31156
11654
7213
25765
7213
9746
10415
8347
8347
30912
22348
235
32272
8347
18783
9746
11654
9746
25765
23332
31156
12669
32015
298
8538
265
16596
8538
3802
29328
31795
25785
3133
9673
6028
31290
9673
30397
16596
16596
9042
298
3133
4521
23523
4560
17275
31597
24114
15853
24114
5137
3133
17275
23523
3802
8538
31662
3802
18936
31290
31795
14021
21241
13691
5610
5125
28931
20919
21241
22321
20919
5125
11800
20919
13691
11800
21241
1396
1396
11502
1396
22321
11800
1396
1396
835
4230
3005
26469
14772
1063
9234
24832
28874
4230
17948
18231
20198
26722
30131
21001
14658
2681
2229
29668
26722
22686
10324
25189
10122
940
263
23596
20017
18231
17703
11962
2681
6108
11158
5578
21809
20887
20198
7585
17996
26200
14036
2983
146
2681
146
26930
6108
29605
4716
537
24007
14036
1402
23596
22964
8395
22964
30094
4716
642
29546
146
28382
25189
6166
525
21809
11713
11380
1506
17083
2797
3244
8023
1506
8192
6654
20453
23589
24808
646
19596
120
2797
6654
13762
19385
206
2797
13762
29361
19385
17004
1947
4174
29361
646
26308
21045
11380
11380
21843
24808
20113
26014
5319
3548
17729
13862
17088
17729
29573
9341
1296
21554
8085
12265
9309
2797
32606
5096
24808
120
8393
24555
24121
12265
3548
206
30759
7161
6654
9341
30759
8733
2076
17004
3244
12557
1747
8733
21045
11380
15311
11928
1947
20721
3244
1947
29361
2106
3548
24121
1296
32330
32330
19385
21180
24862
4174
7161
3407
7192
24909
17819
10276
30710
3113
32729
1272
2676
19046
23782
2676
15477
2676
9751
2841
15041
9050
15041
4999
14150
1257
1801
22960
30790
30144
9516
13229
29389
4056
28823
29869
6901
3257
18530
17512
30144
6285
26091
3239
6285
26750
25209
26091
3239
18260
6285
18260
11037
3239
7442
76
26091
18092
7442
76
11037
11037
25209
9748
26091
18260
76
23188
7442
3239
15380
25209
11037
11037
6285
3239
76
18092
9748
7442
6285
5161
15380
9748
18260
25209
6285
6285
18092
18092
6285
18092
13404
15380
76
26750
7442
9748
12978
76
76
18092
3239
6285
9748
26750
6285
26091
12978
7442
13404
15380
25209
23188
18260
23188
11037
76
3239
11258
5989
4947
10482
6804
9899
23896
22073
23346
1837
15441
24741
6502
15224
961
4201
19892
16173
26016
4947
23249
4959
17655
14845
961
14845
9839
3622
27140
26016
17655
4735
14845
27140
10482
4201
5989
17655
1005
12419
31708
3622
16173
26616
18063
1837
21754
9899
3622
16466
11666
23563
8408
5608
3622
27395
3622
15645
4947
26016
14845
6804
18063
6502
11258
5989
26314
9211
1837
12847
21916
961
1084
4947
1837
16298
19892
6471
26314
12847
31893
28036
3622
3622
15917
492
29338
3100
12244
25844
5857
29338
25124
13102
279
26066
1390
2898
13683
6479
1862
14220
15917
3100
4554
149
14381
23436
25998
3028
3622
279
4543
3100
8256
31189
14843
1862
23200
3439
23928
10186
28040
31189
25247
14381
492
6479
24638
4554
25124
1390
28509
13102
14843
10186
492
5124
4543
4554
492
8256
12244
12572
10186
8256
3024
3100
26066
14381
14381
21191
2898
10186
25844
4543
15917
6479
13683
9373
25124
25124
26764
4554
17464
13368
4554
23928
1269
28040
15917
18540
149
14843
1269
5857
8256
26066
10920
20707
11077
21913
6142
28563
536
4086
23564
14492
28494
4930
8527
4086
13031
6286
26075
1880
1543
9855
1880
10183
10707
20707
12009
1793
25833
31112
2128
26751
8527
9206
13907
24429
4138
12673
14039
25784
13007
2128
2128
1793
13907
10155
14942
26144
14492
10707
13907
14492
6286
2257
30364
31112
2257
11215
2257
2299
2128
12009
27966
2741
9056
28013
27894
25687
10671
25858
18834
14083
4397
18402
3321
10318
14083
32628
11039
25858
18402
8601
4397
2084
25466
25687
25687
14083
31482
11372
6703
14083
8400
10671
19639
17073
11039
25687
11372
3321
20727
2084
25687
24147
21351
337
12630
337
32737
12630
24147
28851
4397
25687
13720
11372
14776
14287
8400
21928
3613
2374
30361
6220
3321
10671
8400
19639
17073
32566
9696
25310
1160
25310
7144
15157
16262
30857
65
9696
27166
8655
30536
5666
1713
15157
17336
32566
25310
29199
17821
9126
24396
8655
1308
27203
11809
1481
8561
22995
18408
11809
14645
24396
8655
7144
5666
9535
22174
11809
4296
4041
8561
17962
4296
5438
17336
9535
9696
1308
13660
8655
1160
1160
9126
1481
8655
3398
3398
27203
5666
8655
6590
22557
419
26750
12854
2653
3235
6211
6211
10672
1913
26750
12152
28372
12576
15268
6211
31369
8352
23872
19377
14424
14649
30311
10672
1925
8352
14152
18826
12854
8352
12152
12142
30043
19928
11031
1913
12576
2853
12142
2661
16388
14424
6211
4738
2942
30311
9390
2653
5515
20186
12378
15268
20186
32145
19928
9539
19377
14045
12121
18826
1913
27212
10672
9441
12142
6590
20909
13156
12378
22459
13156
3235
7684
19377
5515
12142
31369
12152
17783
1925
24977
2661
19928
28789
12378
11031
31643
12576
1925
20674
1925
419
1925
12121
16388
6211
10672
5315
6490
11243
6964
25525
5315
28640
12795
6819
10105
6490
5402
6819
28640
28640
16691
16227
12795
16227
5315
12795
1002
5315
5315
13523
5402
23935
5402
25862
5402
8451
11243
6964
6819
1002
5402
24114
5315
16227
25525
6819
29359
10105
11426
28356
4381
6881
5402
25525
3415
4381
18870
29359
16227
4381
5402
1002
4790
5315
26053
30186
16227
21529
26053
17065
6490
29359
3415
12795
12795
6881
23935
13523
28426
24114
17065
11243
19549
13523
11243
26020
17065
11426
10105
5315
6881
26020
29359
26053
29947
25156
1378
25156
2923
29947
20418
2923
3121
29373
29095
20418
29459
25610
1378
29459
1378
27104
27104
20418
29095
2981
31518
29373
1378
27104
3121
25156
2981
3334
5804
25212
17148
2675
18586
11362
7881
25821
19931
6086
7520
6086
1819
1819
3334
17777
9792
28560
18127
1819
28377
10950
17148
17148
25088
10786
6440
15506
10289
6756
3289
6756
12677
26598
5926
1840
12202
3289
12568
20804
7489
28286
26598
22332
18182
20037
7489
16947
10592
5547
26909
1840
6756
18647
23183
14389
12568
3974
20037
10720
6756
28794
25819
22166
29781
7122
26909
23183
12568
2883
8151
24504
19920
10592
29781
16265
16265
24504
13134
10592
4081
3289
5688
23824
8877
9524
21258
9816
2612
13658
13658
9524
27094
11007
23025
5688
28445
7307
8321
7307
11007
2446
26340
18310
24338
30835
10259
7307
23824
21110
24089
22853
2446
16992
24089
12708
23025
27493
21110
22853
12708
7307
31553
14847
8877
20289
20320
2001
11007
31553
5688
29309
17479
23025
2446
14972
9524
20289
27493
21110
7307
30919
9816
18310
24779
9524
10259
9854
20289
28445
12708
22853
10670
13658
8877
25503
20822
20653
26450
12249
15211
4107
1623
8575
26450
8575
21442
13564
25503
24680
20822
21292
11462
21690
20584
18136
23284
20811
19922
28619
4879
9587
20151
27345
15612
522
8454
13916
19922
9587
4593
940
5072
30600
29607
28642
9587
4879
15125
24180
8388
8817
26463
940
14664
1309
522
19922
940
11233
940
27345
13867
13718
15877
21243
30600
522
19550
7708
522
29182
19550
19922
5364
11233
1309
15125
23284
4162
10318
22709
10733
28375
10318
18571
329
329
16440
329
24347
329
13211
30032
329
21863
10540
329
10540
29494
16440
727
14989
10318
19280
29494
8958
10318
10141
329
30032
22709
10540
17221
10733
329
10733
21863
20658
29494
29494
32713
8958
30032
8958
30165
19284
20880
48
8908
6578
21984
24298
10018
22790
2122
9695
28888
28604
10018
32628
6578
12093
8908
553
12507
15230
4333
3715
29008
1924
4191
23757
6692
29008
25624
21632
12020
21285
32195
26153
21984
860
2122
1924
10606
1924
11412
553
10541
27447
553
25624
6578
16236
6578
6161
15503
15736
10541
4333
29406
29839
12530
21974
29839
1476
27689
5190
29406
29839
18459
29406
7795
25018
17505
19227
19227
4569
1619
30691
30691
4569
27668
7785
15847
19227
8001
27219
17223
23124
19047
8627
6721
4569
14931
7795
10880
11273
17223
25018
25018
8627
10880
1640
11273
15880
27219
7795
1640
7795
24649
25018
8627
24649
1640
4893
29274
8001
19047
1619
19047
9233
13251
7795
17223
29482
17505
24649
14931
19047
1640
24649
29482
27668
29482
15847
1640
11273
8853
8001
14931
30691
25018
1619
25018
11273
7785
15302
1619
19047
15847
8853
25018
1619
11273
11273
4893
4893
23124
11273
25018
8627
23426
13251
1640
1619
25018
27219
9233
13077
1294
21485
17371
13728
13470
16915
11394
6795
9180
17028
6237
7594
11380
961
7520
18419
3376
30822
25507
1368
8297
31783
23863
17371
9180
961
13077
31783
7520
8776
29340
18235
2843
11380
27433
6154
12831
18317
27873
6835
27181
5359
2601
2461
27451
25413
3033
17545
14140
1694
8030
8469
7638
8030
25907
12252
14475
17966
6541
3033
4687
4339
9445
27181
4339
2461
19658
19658
4339
19946
25413
3638
9020
29586
32619
26389
12715
2706
32603
11931
4129
25944
21505
22734
7323
1208
17076
2413
27649
2706
5162
3638
14399
8965
11931
2089
20519
26569
23930
6465
32318
10304
19900
9829
14399
6465
9829
26569
9829
17688
2413
8965
6465
12125
12715
1208
5107
5517
2359
21158
9020
25944
14399
23930
5517
462
20519
32318
18407
4448
3886
25660
19653
26400
23376
12482
2409
4225
6723
25583
3886
1241
2332
835
835
1241
27927
29308
1241
2332
9530
7200
12960
9530
18613
9562
10956
1241
23340
10826
30087
21026
10826
10741
26400
30689
18613
23340
12482
835
12482
11207
29308
17574
10741
12960
2199
2409
10826
10956
1241
10956
23340
18746
25015
17574
835
2442
2993
2993
1444
9530
2442
25557
2442
21026
25583
2442
18746
1444
18613
24626
18746
3886
1444
25583
2199
30689
21026
835
2442
23340
2442
1241
15219
15298
4849
9218
15298
9218
15298
9253
4849
15298
9218
16614
16614
4849
9218
15298
16614
15298
16614
15298
16614
4849
15298
9218
9218
16614
16614
4849
15298
9218
9218
20834
16614
4849
15298
15298
15298
4849
15298
15298
4849
15298
9218
4849
9253
9218
9253
4849
9218
4849
15298
9218
9253
9253
15298
9218
15298
15298
9218
15298
9253
4849
20834
4849
16614
9253
4849
15298
9218
9253
20834
9218
15298
9253
4849
16614
21330
27993
21330
9279
30727
27084
8501
30727
20946
30894
27993
20946
5470
9285
8391
5470
8391
5470
2148
5470
30655
3749
3749
2002
7755
21810
27722
30180
4566
8649
2148
8649
30180
21810
7755
30655
2002
31278
17579
2148
2148
31278
17579
3749
2002
8391
2002
3749
17747
9285
3749
9285
5470
8649
27722
12330
7755
20287
9117
2002
18362
9117
4386
8771
12655
2148
2148
17579
27785
24428
30180
2148
20287
9117
2148
21119
8771
12655
2148
2148
11595
16800
3749
9285
8115
3749
8391
18011
18011
8771
12330
27785
7755
4386
3749
21119
9285
31278
12330
27722
3749
8115
10947
17747
9067
20287
30180
18362
18011
294
9661
14491
30821
5456
20188
10242
7981
21243
17670
32408
21243
10200
21440
16835
294
29671
7981
27649
23614
24920
2454
14106
8627
5456
9661
1260
10967
16835
22179
6875
7374
15645
17670
12785
10200
9661
12045
7981
138
4950
32481
2454
28710
23395
15323
8539
7943
26982
6272
4754
11617
3475
4872
23395
11965
3175
11617
4518
11965
956
30728
11965
24326
30752
8846
3475
24816
28334
4660
27111
17506
3598
6997
30752
4660
24326
11617
24326
17183
8242
31977
4518
4931
4660
15121
19122
4660
25912
9008
5442
12460
8539
6272
6997
27111
30510
16819
8257
1782
3865
26064
3865
15577
3865
8257
1782
16819
8257
9457
3999
30401
8257
1782
3865
24938
1782
1782
14959
14959
30510
1782
3865
15577
15577
8257
22173
28580
15577
14959
28580
1782
3865
30401
24938
22173
3865
11024
11024
3865
11024
30510
8257
8257
14959
3502
15567
10644
15523
635
28490
15567
15523
7151
7151
28873
10644
1873
7151
10644
15523
3502
10644
15523
106
106
635
10644
15523
28490
19680
3502
1873
31202
1873
3502
106
106
23960
106
19680
28490
28873
28873
1873
3502
3502
1873
635
3502
635
3502
23668
1873
635
106
28490
635
28873
10644
28490
28490
19680
635
17377
15523
10644
15567
17377
10644
15523
15567
635
106
10644
25259
25259
1873
22606
25259
1873
23960
23960
10644
635
10644
635
106
15523
635
15567
19680
106
23668
28490
15567
1873
635
15523
23960
18997
1546
17179
21494
20428
4487
2940
27792
5618
3347
6174
2940
17154
3449
3347
1944
10753
24618
6174
3816
3449
5380
10590
1546
11899
14428
22222
12870
4203
19156
6494
329
12947
14210
28970
15690
329
18637
12947
2536
11600
12870
7395
27242
6494
11489
2774
6368
12870
28556
8376
15806
30777
10303
329
15441
7510
14712
31953
20039
15441
3620
1447
25265
10915
16961
925
31953
16961
7510
14712
15441
20039
1447
18879
31640
20759
11500
28979
31640
20639
22592
1447
14280
16961
14712
12941
1447
24043
7510
16236
7510
21865
29
31640
11500
14280
20759
12941
3970
28523
28979
31953
3970
20648
8901
20639
20759
24828
29
28523
21865
15441
20039
9375
7510
9920
24828
22592
1697
7510
20039
8901
29
1697
10915
16961
18879
1697
7510
7510
1447
11500
9920
3970
11500
7510
28523
19520
20828
14712
8901
16236
925
11500
3620
8901
7883
3661
14245
3144
21328
10498
7531
1352
22815
21387
21328
21745
29228
863
21350
15407
1032
3144
17817
7883
24589
1032
1352
4480
3144
2493
32578
10940
10210
24356
21387
863
1032
12596
4733
18317
10498
24589
14245
23164
3144
427
25317
18578
21927
23240
19473
4733
21328
10210
2217
10940
17817
29228
14245
26435
2493
29228
24589
21937
6129
9976
7563
10210
11328
11259
11259
21328
3456
29228
1352
7563
18122
16779
11473
9531
14458
14389
13607
1653
8961
9768
2735
86
13191
13191
2735
22550
32575
16291
8961
20988
16900
3702
5999
22439
9768
2809
22439
24868
26751
27809
13917
4448
14458
31641
7963
2809
22589
22936
4448
713
14458
6557
6724
5392
6557
27226
15605
3702
3311
13607
10537
9531
86
241
31964
26864
31641
22451
9768
241
5999
1485
25005
15605
1485
28958
6073
30731
22607
7086
9846
13917
26544
13607
12793
6179
2735
23656
23656
8634
5126
2521
5862
1221
23656
23656
20541
17157
23656
13645
28291
6389
5569
28291
16580
5569
7881
5862
1914
1221
16580
17157
17157
1221
4280
29974
11707
4280
630
7881
5569
29452
14152
5155
14152
1008
19482
4785
8960
2205
11603
13244
5483
19482
23240
8960
20969
6039
1008
6039
20859
7367
32638
433
7941
4785
14441
6039
11603
8316
16823
32638
1008
6039
10494
25781
14441
1441
30691
23240
7183
28136
25781
11423
1890
6150
20859
7183
16709
7367
23240
8367
1967
8845
5483
7941
8316
1738
10494
23240
19482
30833
1738
7183
6039
5155
25781
19402
8899
1967
11603
21922
6150
5155
24433
11871
23240
1008
1008
5155
32638
22836
8316
433
8960
21533
14216
13751
7941
3203
13751
22836
8960
13244
6150
16823
24976
20832
2074
6613
1911
16253
1451
22008
2307
22008
26432
18660
3375
13547
770
4100
26242
770
26242
770
15522
29126
5692
26242
22872
10251
23625
28937
28057
30263
28937
9186
5692
15276
11649
5692
4100
23271
6015
2929
30263
4397
1911
22008
10403
17390
4248
20085
4260
11760
2074
3386
9192
11649
26432
1609
4100
1911
16253
6015
2455
13547
10461
1609
11649
2455
1609
29198
1911
2074
26242
10008
10461
4100
7352
2307
1609
16769
13373
16679
1598
15684
15684
4689
1598
4689
3564
18464
28873
16679
4689
7956
25408
9105
5040
27696
28744
19448
15414
19641
19641
4689
15315
1598
9487
9105
15684
9480
25408
15414
16679
16679
21199
2091
7956
29858
30164
9487
3564
4689
19448
1598
16679
25408
6290
3564
2124
7956
15414
1598
4689
5651
20467
16679
5651
20467
