1
19
21081351099627
1008852557555
308787223862
12652730024157
2688724566022
3030505873625
536615613145
9729624347827
10400586619
14282104194373
10844026995087
13608934304225
6088480926255
12925844515
5506529776
1003789542348
3877063551354
1398845204217
334487303057
594336325876
413693092253
6516707941397
17892641388230
293433064595
512369578460
3068763971350
670467201887
59246946899
11037719036883
1131328978444
3634598695200
598718804520
323759757430
5546642073023
738996941930
164712167525
1525288889937
250465134335
876630350785
919173185105
5291554129549
20639377
1023718689462
7705540850875
249114057933
15051052824331
412533103616
92031503688
4112254913969
12145388329550
73497793565
4645571705450
1408943642444
3126034033451
1978638527201
139674726397
3442339298190
1291238945880
14325461118888
7596791625
1088878008576
332056203655
1120901036387
330526491343
3767387148782
4656436899770
10829173562350
694556791831
4516676811415
13163954033934
2225714690135
7160197017639
1034050877175
141766412174
53277206677
45577839502
1159523956353
6488577917239
23350803052
7169998503702
7466535875734
1148846920087
802569546927
3334483392226
604356547927
149367609134
1128984716224
517535093535
6211038426789
231790470768
10514285049939
1161317432192
2963115362318
945214790521
4054022224434
2839084563828
5040884764892
10019389164867
4253872984974
2223161921370
7967384989843
4022380003950
29495217492
12140513587
748367535019
50554513452
2775440095517
637352626982
5150854148596
487577398308
1907800810320
214296129525
3027023269141
217843950772
222129739326
59128975269
62855127695
242585304588
89649830917
7172790370810
11994176286725
449497127740
8101200049525
12129148405
2807135628374
2402282029
5669628278202
443904750234
6311296524043
4551155538125
9574813466311
6582545592755
12282042950485
2141827286365
1048787137245
12821464499
11314297961077
90465436569
8515161127000
276232040875
1858708276903
60899604688
9010900977290
12593786033620
3571002763136
898756225171
4192461493913
328739646650
2952203801778
14551134509841
1969981596625
1993639348963
3390750822002
4475378396184
139777115140
10495358270654
1376721390247
1320693965794
5501169057527
961413182569
6981885282835
11793563270508
101387556555
2837673806087
7451298946
125362075393
16792579123467
4722724269515
6575237424
2860453811240
5232078249552
1177270468017
1553017622828
576102568900
12097649910759
6776940745937
12114495687525
1878022872600
7131765291
1441032504807
2854802532175
229125378514
6849050557624
2129255216841
375576144701
1407114396205
64171243911
4528251459419
1395759066999
9319336000780
3054646360952
94774461814
9650925626622
11726393117381
1281281024648
1633657835145
9428821700253
2169722403100
9649114521175
68639104277
857382839500
8221426425771
5528826181320
5460603792
3062943963624
959919559682
1325765022250
21007219885920
6083551441188
1739283035023
3537436854501
389865067307
1940302883290
1429787870160
8556424184386
15702872672760
176196120792
1350781470951
3522397290012
10468159731229
8658203791985
2591355999189
2909892938147
13614371030838
12225663509325
8449410300635
382853699852
5559797246703
10470665052
3575668695184
307537180973
2739631486283
1205589260867
2428173985223
1663005782177
7598367434524
37711871365
9386260908294
1087874293410
259572414835
692124176250
7660164152
332115957381
19562154695666
1480349456443
53748648720
671788503050
1715826269564
1300317166773
642738234791
1023239839775
23269465566
3518600133040
1304315687147
3584624046652
32484662342
1369873525454
2008508761259
4515145378700
734285372
2604769521375
424505700745
54849427087
2149898452087
11888056982
469795447363
7077808742697
7042928674623
1648941381374
560737056795
566090870524
11388868761011
3907577998675
824155391962
786248757970
679689746328
1556366958597
7812599923281
7245873174039
8953286225124
275623915268
11037703082021
1638239755945
1091041989004
143445373148
360566927904
4699253453587
11706308016108
2308656780975
2070603207075
2746719269597
4436686406625
220360812805
3793560767051
496541215500
5273803196000
715171899101
1641176923557
1432142038151
169860885709
2641473284696
3161766749200
16649215535065
2553745713445
12012782122
1932037782710
1989778612271
516091843029
3853684596639
4079091996025
1173737193125
138968384324
99460268016
4259200575
2694293059172
2430772598316
71508655035
14474347384190
372963185400
1310635070032
6088355221627
364047299121
4647304656407
508122077129
4359560125250
75293579259
976058146760
8463306227184
6560546686881
3897091628599
78578449218
43001638005
80597210776
6256830075458
3259177516322
1665135723904
277507677383
321343501360
130739190925
151515155
9731854703219
7937567832789
11086135581198
311000070425
2319999061397
1129034358859
743482568325
523758170869
9289628155
6344669168023
6086052777750
3776346934865
302106250030
16936847118724
703034647833
6874294673050
344365476509
11886539094962
9465110934
2189986144820
9629202598652
2033991523283
11779137953360
1345090863402
3304550941725
24558098567
81769995324
13281485911616
561957365497
1939623608454
1074962141825
443072707727
2832884540984
11958593982548
824239157249
652743066985
4966235887305
2077448369695
582576146900
1027012633558
701025274796
2438312235989
33190470079
775309761622
3085775763785
4715801147906
13371351422
3882014777622
2625193823155
4244766231385
9324079959387
4545941609244
3113043982449
1235900338
2885214635660
6485708364221
3969580066250
292565454013
4781502187910
5618284501775
287371185457
899699991746
11647655849310
4898066063400
3117758508557
3837376239350
9884355431635
4382380562602
2503835408580
361351061567
57438310688
6693328623006
1226696405803
62194010375
1585421507406
9219143609951
258299730765
2688219235922
4530210530794
997789131759
171072724899
2150985355100
17113517981414
11991476596078
3817400402
12641146590101
10179970549548
12884163084
738946500904
1454186039097
6251616607
898953481708
1782205180299
1433258791929
182956803189
245942579014
45669817135
9655725627020
10240821449169
9226669848179
11012027175617
6276403576665
1048653578325
241218324515
164230522636
2531627219794
702391310225
250478721592
2403546754
5952725243575
114285898045
1796868619546
667465104290
2876550049780
10061639479748
533005788180
448731641834
6111772033107
1157569553084
339789178558
3498996444539
20952869678
1571624221734
1082818701675
4313611520911
10208422870912
1456064657255
1160776358135
1791876519224
28989278774
2309701076105
14154466702805
2572588168070
3028648065261
772409255823
13745075385689
3316366937255
448402260430
9040069642363
1724170194111
1275537430327
82710646737
329400728140
3645074664454
6200344253435
6584094501845
6872834375034
10083119535945
1031952959608
175042607979
7800290477667
10691404765785
2714437230032
751850657425
503727538314
390814432185
13592455398
159304303290
224522282382
16591977923250
6576508601877
713903291257
3684360084600
163181618025
13866490646855
122281366477
9334226460507
3295069834865
1096875013025
2092431633336
1291972751069
5224983330579
927679373294
226031998468
134282814379
108627472203
29955241725
16862809871505
7791632995489
1981594773613
138595192
8695862285173
3727655966631
5284810861
1910323767681
12220817345792
234359201562
12976722193550
8032763513950
159130788129
3987099500951
751084581635
2023401872543
628411392160
6017477251642
8951400709780
719453708090
2045454938
13178129243719
1372752124517
9434619318890
2060621176957
1651201292455
4969718866423
15259039545932
123144721975
2162501628489
211983772000
1357182153399
144802615655
4783623814036
2042194754105
4586004979721
1217817741920
885604962344
1730148808823
3085787945900
39124436471
10719359486020
281903861565
161603842700
2142444861362
118895738000
351795991320
4529433980810
45146890786
593725931004
2244913923466
376836537974
3623396817007
12584441082625
5115177741531
883263736831
5513676180831
942339221187
14255432495010
688868465275
4118482317065
1232909780189
1711367212702
2275129425120
4203244510079
829329647475
8268254388129
7109381849801
11497146256226
2684782803985
2899415516117
7739351700195
53728070627
14024098640610
4899828512167
1027728225712
11453393570
14725033682905
105202140330
5268277308703
1884203105845
3988116440
2555498680325
650938768800
4939764846275
12766666451357
550757357029
2348654158952
3656890426370
8260564671710
6772103278687
3249015062797
15591837244622
4940831969044
393615453714
304434495750
1522377334600
31287467879
9960511063514
4548272643967
1721045059879
181965779651
95257492850
19858584691162
9870220134985
54539600500
3842756389725
377995851550
2525726521899
274064657700
659675685690
17302890796667
1086147251539
408039858265
8801670691100
1198436688939
6625399461750
639602057416
767674388704
4420040486797
4190668792810
4029426962690
15727428579500
14335456511728
396334332324
1268976790044
1030644508984
720050707350
863715553690
2353507417603
14353604806431
15827143113970
7816620891959
30477096650
196202992440
960544733045
142256086250
2618471857477
36810144336
5457958991209
8322247160
4806052787159
649983859210
726160620756
180135848755
5232135123216
7353955058590
263498920253
1191974478712
4212511996
19383021370842
10913393308950
7979069106799
141099222101
12957800487562
141395961897
263292309698
935963198001
27510261295
376470761020
2364761267395
10223549284870
110980056524
9358370997217
2776466169854
254811995479
423497821110
906483366683
4066486430512
13485656664084
1599490821687
212759367181
6477399970691
12556236134909
2442449954100
5854544330479
3668030553187
1232869055057
274336233751
1742849519096
20329245500305
239861861652
6941333573682
3519114262459
2693770736708
516045538203
1129093958200
38066407225
336476881487
5306056473379
9234124418935
3153162384757
17419976003
1613309279000
479788816550
47763412126
796721777362
466072444375
345900731785
4623648000845
3732924720660
40321108950
2979804212252
2356843118933
8669432487530
149613758898
6639494855695
5012530831175
483234223849
5875246657350
2708311214078
160107015236
3479818906081
12052159350750
3696925984550
7632219333657
106330756664
1402930224857
34541483896
6729014800845
176353121847
58829849162
3805609661880
6843769360469
105888859340
3852872772905
1387221072991
1300714984975
9038038424
2384159915718
297204110406
10834364285485
273568269599
3812031748811
2605263676815
5708367354525
1978469745395
2042151693410
3291186902372
2873764966117
171463573639
1712421791135
862607914816
6096126429305
5263546970
615026423825
2728239862530
4196643517872
9900487143390
5345384133575
644587337264
12713121030262
6631100952265
1957871004360
94603194448
6425533639980
1160928758335
4574606102635
231670553285
2800335256950
10952398155391
18393755258
2328319600022
1653825266769
2336285544464
2000140491181
2432800802075
1143747066
2983358857611
928899408390
5535567000
503332375
1234679920900
10262667652698
264365369557
442192229370
3534465531912
1383188320213
623362699901
442327189647
524258715825
2576835659834
9514854536352
2117186148833
340817086210
381665802751
235338011526
2483786068927
1180577770969
341648194701
5270078024680
309709538400
7498218391950
499722420586
104900869731
8873416337149
15554582232
5433480861978
613753095424
20497076028
9517480949265
5844241027
23833163295
1233246013425
4430998497540
2302888490746
1784646186890
2111822869163
232729364920
7478824746757
1950142083603
2410695782133
12096454955
2811653325978
538551381708
39080099170
194442881872
12176297968
6006373874556
4453099310688
6779408376930
4367935002660
15184029289
641383637624
655613254956
3497652239120
2597123247625
372996194840
4056964941512
2052179247547
59792766106
13554454575844
1924041682646
314146934914
1318786446016
305731688603
9554535200525
1162424926246
1499485570099
4815199021775
147453827375
34067493355
1062050540723
4330034313105
10200193645000
596321471125
481641552525
864105380730
6061076739945
18400512247542
852654789935
739967728661
426296561900
19223871204940
1554136315710
174116823972
4084234833399
191213352575
625399566740
962995840476
264759978875
935399949030
1093089668792
253327915893
2849920193018
1484039739578
589656087892
52946591369
5976459653796
3006831138575
1101174643
2648077393106
5400791201550
17538304027
3488878076130
54253168
303905369976
828880380920
802696181679
55250052980
5427088468646
350059884709
488660866260
15582500141
15656841603900
9849879444979
690677865397
10093972318573
202390602128
7427242643951
1970648996337
836232592624
1228229737137
25243991665
9126055738520
1424750587414
6601308852424
4410349986614
4753025792385
920594955328
121439470438
372060903229
245859850445
37257707879
5334298488256
275806446981
4546452301797
159143628339
9098651077530
11756472723076
9679294606660
1670529261195
5623169887510
14517413028
3238820901092
6091437195815
1058312210940
2403031958194
8584940986999
497870623656
6328490707740
252200534368
1329821821190
3386770702935
1077383367675
455207576131
654577673203
750747800406
3706442663
1912062852800
3849672065590
3576958046535
1680576172104
4502810292695
8411964489800
354507002294
17530551169
892552965928
32387075347
11379042908543
1243828257155
2043016809050
134088700977
166132896762
150196207125
90624190879
4739553127210
6390557105257
1937059414310
1631063251149
6801941946280
359312658445
495642231533
186061775300
3651324520561
177967501683
6812995530460
247133779893
402491774958
307060402077
1518880701387
369229204542
374895157137
28319959466
8324214544316
99663912125
832435568248
1366428152437
3726825632706
4164036373320
621078443223
14130703756
329542276681
114987584899
3604176109909
2407819505453
3346352624741
116658486385
2526130927215
3767718808222
266760121235
