July
October
January
February
October
March
July
July
December
August
April
August
March
May
December
July
December
July
January
February
February
May
July
April
May
May
August
October
December
July
April
January
July
August
August
March
August
March
April
May
August
August
July
December
March
September
January
April
March
March
October
July
April
February
July
January
March
November
June
April
April
December
January
August
February
March
January
December
January
February
April
September
August
February
July
June
October
June
May
April
October
January
January
February
December
July
June
June
April
April
January
August
December
December
December
May
March
July
June
May
November
February
November
August
March
June
March
March
July
July
March
December
November
December
June
June
November
January
August
May
November
February
April
August
April
September
January
June
January
June
July
August
July
October
March
April
September
August
November
September
November
May
March
November
September
August
September
June
April
May
September
August
October
June
July
October
November
September
February
July
May
February
April
March
February
January
June
December
September
September
August
September
October
April
September
July
December
June
February
January
March
March
February
November
April
October
August
August
May
March
April
August
November
July
September
November
May
January
August
March
August
March
December
January
December
August
August
July
May
January
February
May
December
November
March
March
June
May
November
December
December
May
March
July
May
June
October
July
August
May
June
May
January
May
February
November
June
April
July
February
November
September
August
December
March
January
January
July
June
October
November
September
July
June
November
August
October
October
November
February
October
January
December
October
August
August
January
June
April
April
November
May
July
November
November
September
June
September
March
August
April
November
February
November
October
April
September
July
April
May
January
December
December
September
October
November
August
January
January
June
July
December
September
April
August
June
October
January
June
May
June
February
April
January
June
July
August
May
May
September
February
May
September
September
November
December
November
April
June
May
January
June
September
September
February
March
May
August
August
May
October
March
March
August
December
March
March
April
March
August
December
May
September
July
June
November
August
July
January
June
February
December
May
August
November
September
November
April
October
July
February
July
February
July
March
August
December
October
May
February
May
November
October
March
April
October
November
August
March
May
August
December
February
December
August
May
July
January
June
April
October
October
February
January
December
July
December
December
February
November
October
October
May
January
July
August
May
February
February
May
December
August
July
August
August
November
October
March
April
June
March
September
September
March
December
October
March
March
December
February
November
February
September
April
November
August
April
December
November
September
March
December
May
September
March
September
January
April
June
August
July
November
February
July
January
February
January
November
May
March
March
January
June
November
June
July
February
November
November
March
August
March
February
February
November
February
December
April
July
November
April
August
October
July
August
November
November
September
November
September
