##################100000001###
##################111100001###
#####################210012###
######################3101####
#######################102####
#######################102####
#######################114####
##############################
##############################
##############################
##############################
##############################
##############################
##############################
##############################
##############################

#################2############
##############################
##############################
##############################
##############################
##############################
##############################
##############################
##############################
##############################
##############################
##############################
##############################
##############################
##############################
##############################

##############################
##############################
##############################
##############################
##############################
##############################
##############################
##############################
##############################
##############################
##############################
##############################
########4#####################
##############################
##############################
##############################

##############################
##############################
##############################
##############################
##############################
##############################
##############################
##############################
##############################
###########211################
###########101################
##########1101################
##########100112##############
##########100001##############
##########200123##############
##########1001################

##############################
##############################
##############################
##############################
##############################
##############################
##############################
##############################
##############################
##############1###############
##############################
##############################
##############################
##############################
##############################
##############################

##############################
##############################
##############################
##############################
##############################
##############################
##################1###########
##############################
##############################
##############################
##############################
##############################
##############################
##############################
##############################
##############################

##############################
##############################
###########1##################
##############################
##############################
##############################
##############################
##############################
##############################
##############################
##############################
##############################
##############################
##############################
##############################
##############################

##############################
##############################
##############################
##############################
##############################
##############################
##############################
##############################
######4#######################
##############################
##############################
##############################
##############################
##############################
##############################
##############################

##############################
##############################
##############################
##############################
##############################
##############################
##############################
###########################1##
##############################
##############################
##############################
##############################
##############################
##############################
##############################
##############################

##############################
##############################
##############################
##############################
##############################
##############################
##############################
##############################
##############################
##################4###########
##############################
##############################
##############################
##############################
##############################
##############################

##############################
##############################
##############################
##############################
##############################
##############################
##############################
##########################1###
##############################
##############################
##############################
##############################
##############################
##############################
##############################
##############################

##############################
3#############################
##############################
##############################
##############################
##############################
##############################
##############################
##############################
##############################
##############################
##############################
##############################
##############################
##############################
##############################

##############################
##############################
##############################
##############################
##############################
##############################
##############################
##############################
##############################
##############################
##############################
##############################
##############################
#######################1######
##############################
##############################

##############################
##############################
##############################
##############################
#############################1
##############################
##############################
##############################
##############################
##############################
##############################
##############################
##############################
##############################
##############################
##############################

##############################
##############################
##############################
##############################
##############################
##############################
##############################
##############################
##############################
##############################
##############################
##############################
##############################
##############################
##############################
#######################2######

##############################
##############################
##############################
##############################
##############################
##############################
##############################
##############################
##############################
##############################
#######################1######
##############################
##############################
##############################
##############################
##############################

##############################
##############################
###################1##########
##############################
##############################
##############################
##############################
##############################
##############################
##############################
##############################
##############################
##############################
##############################
##############################
##############################

##############################
##############################
##############################
##############################
##############################
##############################
########122###################
########1012##################
########1001##################
########1112##################
##############################
##############################
##############################
##############################
##############################
##############################

##############################
##############################
###################223########
###################1011#######
###################1001#######
###################2001#######
###################200113#####
###################200002#####
###################100003#####
###################200013#####
###################10001######
###################210012#####
####################21002#####
#####################2222#####
##############################
##############################

##############################
##############################
##############################
####4#########################
##############################
##############################
##############################
##############################
##############################
##############################
##############################
##############################
##############################
##############################
##############################
##############################

##############################
##############################
##############################
##############################
##############################
##############################
##############################
##############################
##############################
##############################
##############################
##############################
##############################
##############################
###1##########################
##############################

#####################1000001##
#####################1000001##
####################31011112##
####################1001######
####################2102######
#####################201######
#####################201######
#####################201######
#####################212######
##############################
##############################
##############################
##############################
##############################
##############################
##############################

##############################
##############################
##############################
##############################
##############################
##############################
##############################
##############################
##############################
##############################
##############################
##############################
##############################
##############1###############
##############################
##############################

##############################
##############################
##############################
##############################
##############################
##############################
##############################
##############################
##############################
##############################
##############################
#2############################
##############################
##############################
##############################
##############################

##############################
##############################
##############################
##############################
##############################
#############################3
##############################
##############################
##############################
##############################
##############################
##############################
##############################
##############################
##############################
##############################

########################200000
########################311000
##########################1011
##########################201#
##########################102#
##########################112#
##############################
##############################
##############################
##############################
##############################
##############################
##############################
##############################
##############################
##############################

##############################
##############################
##############################
##############################
##############################
##############################
##############################
################2#############
##############################
##############################
##############################
##############################
##############################
##############################
##############################
##############################

#####200002###################
#####200114###################
#####1001#####################
#####10011####################
#####31001####################
######2001####################
######2001####################
#222211011####################
#10000012#####################
#1212111######################
##############################
##############################
##############################
##############################
##############################
##############################

##############################
##############################
##############################
##############################
##############################
##############################
##############################
##############################
##############################
##############################
##############################
##############################
##############################
#####################1########
##############################
##############################

##############################
##############################
##############################
##############################
##212#########################
##102#312#####################
##101#102#####################
##1011102#####################
##2100002#####################
###2000012####################
###2000001222#################
###1000000001#################
###1000011101#################
###310001#101#################
####32111#332#################
##############################

##############################
##############################
##############################
##############################
##############################
####1#########################
##############################
##############################
##############################
##############################
##############################
##############################
##############################
##############################
##############################
##############################

##############################
##############################
##############################
##############################
##############################
##############################
##############################
##############################
##############################
##############################
##############################
#########################2####
##############################
##############################
##############################
##############################

##############################
###################3##########
##############################
##############################
##############################
##############################
##############################
##############################
##############################
##############################
##############################
##############################
##############################
##############################
##############################
##############################

##1000002#####################
##2000002#####################
##1000013#####################
##200112######################
##2111########################
##############################
##############################
##############################
##############################
##############################
##############################
##############################
##############################
##############################
##############################
##############################

##############################
##############################
##############################
##############################
##############################
##########2###################
##############################
##############################
##############################
##############################
##############################
##############################
##############################
##############################
##############################
##############################

##############################
##############################
##############################
##############################
##############################
##############################
##############################
##############################
######################1#######
##############################
##############################
##############################
##############################
##############################
##############################
##############################

##############################
##############################
##############################
##############################
##############################
##############################
##############################
##############################
##############################
##############################
##############################
##############################
###########2##################
##############################
##############################
##############################

##############################
##############################
##############################
##############################
##############################
##############################
##############################
##############################
##############################
##############################
##############################
###########1##################
##############################
##############################
##############################
##############################

#######100001#################
#######311001#################
#########1001#################
#########2112#################
##############################
##############################
##############################
##############################
##############################
##############################
##############################
##############################
##############################
##############################
##############################
##############################

##############################
##############################
##############################
##############################
##########1###################
##############################
##############################
##############################
##############################
##############################
##############################
##############################
##############################
##############################
##############################
##############################

##############################
##############################
##############################
##############################
##############################
##############################
##############################
##############################
##############################
##############################
#########################2####
##############################
##############################
##############################
##############################
##############################

##############################
##############################
##############################
##############################
##############################
##############################
##############################
##############################
##############################
##############################
##############################
##############################
##############################
##############################
###############1##############
##############################

##############################
##############################
##############################
##############################
##############################
##############################
##############################
##############################
##############################
##############################
##############################
##############################
##############################
1#############################
##############################
##############################

##############################
##############################
##############################
##############################
##############################
##############################
##############################
##############################
##############################
##############################
##############################
##############################
##############################
#################1############
##############################
##############################

##############################
##############################
##############################
##############################
##############################
##############################
##############################
##############################
##############################
######1#######################
##############################
##############################
##############################
##############################
##############################
##############################

##############################
##############################
##############################
##############################
##############################
##############################
##############################
##############################
##############################
##############################
##############################
##############################
##############################
#####################1########
##############################
##############################

##############################
##############################
##############################
##############################
##############################
##############################
##############################
##############################
##############################
##############################
##############################
##############################
##############################
##3222########################
##1002########################
##1001########################

##############################
##############################
##############################
##############################
##############################
##############################
##############################
##############################
##############################
##############################
##############################
##############################
##############################
##############################
#############################1
##############################

##############################
##############################
##############################
###########################2##
##############################
##############################
##############################
##############################
##############################
##############################
##############################
##############################
##############################
##############################
##############################
##############################

##############################
##############################
######################3121#121
######################1001#100
######################2101#100
#######################2011100
#######################2000000
#######################2000000
#######################1000011
#######################422123#
##############################
##############################
##############################
##############################
##############################
##############################

##############################
##############################
##############################
##############################
##############################
##############################
##############################
##############################
################2212##########
##############211002##########
##############100001##########
##############3100013#########
###############100001#########
#############32100012#########
############21000001##########
############10000001##########

##############################
##############################
##############################
##############################
##############################
##############################
##############################
##############################
##############################
##############################
##############################
##############################
##############################
##############################
########################4#####
##############################

##############################
##############################
#############################1
##############################
##############################
##############################
##############################
##############################
##############################
##############################
##############################
##############################
##############################
##############################
##############################
##############################

##############################
##############################
##############################
##############################
##############################
##############################
############################2#
##############################
##############################
##############################
##############################
##############################
##############################
##############################
##############################
##############################

##############################
##############################
##############################
##############################
##############################
##############################
##############################
##############################
##############################
##############################
####1#########################
##############################
##############################
##############################
##############################
##############################

##############################
##############################
##############################
##############################
##############################
##############################
##############################
##############################
##############################
##############################
##############################
##############################
##############################
##############################
#############2################
##############################

##############################
##############################
##############################
##############################
##3###########################
##############################
##############################
##############################
##############################
##############################
##############################
##############################
##############################
##############################
##############################
##############################

##############################
##############################
##############################
##############################
##############################
##############################
##############################
##############################
##############################
##############################
##############################
####4#########################
##############################
##############################
##############################
##############################

##############################
##############################
##############################
##############################
##############################
##############################
##############################
##############################
##############################
##############################
##############################
##############################
##############################
##############311#############
##############10113###########
##############10001###########

##############################
##############################
##############################
########################1#####
##############################
##############################
##############################
##############################
##############################
##############################
##############################
##############################
##############################
##############################
##############################
##############################

##############################
2#############################
##############################
##############################
##############################
##############################
##############################
##############################
##############################
##############################
##############################
##############################
##############################
##############################
##############################
##############################

##############################
##############################
##############################
##############################
##############################
##############################
##############################
##############################
##############2###############
##############################
##############################
##############################
##############################
##############################
##############################
##############################

##############################
##############################
##############################
##############################
##############################
##############################
##############################
##############1###############
##############################
##############################
##############################
##############################
##############################
##############################
##############################
##############################

##############################
##############################
##############################
##############################
##############################
##############################
##############################
##############################
##############################
##############################
##############################
##############################
##############################
##########1###################
##############################
##############################

##############################
##############################
##############################
##############################
##############################
##############################
##############################
##############################
##############################
##############################
##############################
##############################
##############################
##############################
##############################
###########1##################

##############################
##############################
##############################
##############################
##############################
##############################
##############################
##############################
##############################
##############################
##############################
##############################
################2#############
##############################
##############################
##############################

##############################
##############################
##############################
##############################
##############################
##############################
##############################
##############################
##############################
###########################3##
##############################
##############################
##############################
##############################
##############################
##############################

##############################
##############################
##############################
##############################
##############################
#########3####################
##############################
##############################
##############################
##############################
##############################
##############################
##############################
##############################
##############################
##############################

##############################
##############################
##############################
##############################
##############################
##############################
##############################
##############################
##############################
##############################
##############################
##############################
##############################
##############################
###############1112###########
###############1001###########

##############################
##############################
##############################
#######################1######
##############################
##############################
##############################
##############################
##############################
##############################
##############################
##############################
##############################
##############################
##############################
##############################

##############################
##############################
##############################
##############################
##############################
###2##########################
##############################
##############################
##############################
##############################
##############################
##############################
##############################
##############################
##############################
##############################

##############################
######################3#######
##############################
##############################
##############################
##############################
##############################
##############################
##############################
##############################
##############################
##############################
##############################
##############################
##############################
##############################

##############################
###################1##########
##############################
##############################
##############################
##############################
##############################
##############################
##############################
##############################
##############################
##############################
##############################
##############################
##############################
##############################

##############################
##############################
##############################
##############################
##############################
##############################
##############################
##############################
##############################
##############################
#####2########################
##############################
##############################
##############################
##############################
##############################

##############################
##############################
##############################
##############################
##############################
##############################
##############################
##############################
##############################
##############################
##############################
#######2233###################
#######1001###################
#######4211###################
##############################
##############################

##############################
##############################
##############################
##############################
##############################
##############################
##############################
##############################
##############################
##############################
##############################
##########################2###
##############################
##############################
##############################
##############################

##############################
##############################
##############################
##############################
##############################
##############################
##############################
##############################
##############################
##############################
##############################
##############################
##############################
##############################
#################3############
##############################

##############################
##############################
##############################
##############################
##############################
##############################
##############################
##############################
########################2#####
##############################
##############################
##############################
##############################
##############################
##############################
##############################

######################100001##
#####################2100123##
#####################10002####
#####################32113####
##############################
##############################
##############################
##############################
##############################
##############################
##############################
##############################
##############################
##############################
##############################
##############################

##############################
##############################
##############################
##############################
##############################
##############################
##############################
##############################
##############################
##############################
##############################
##############################
##############################
#########################5####
##############################
##############################

##############################
##############################
##############################
##############################
##############################
##############################
##############################
##############################
##############################
##############################
##############################
##############################
###################2##########
##############################
##############################
##############################

##############################
##############################
##############################
##############################
##############################
##############################
##############################
##############################
##############################
##############################
##############################
##############################
##############################
##############################
##2###########################
##############################

######################1#######
##############################
##############################
##############################
##############################
##############################
##############################
##############################
##############################
##############################
##############################
##############################
##############################
##############################
##############################
##############################

##############################
##############################
##############################
##############################
##############################
##############################
##############################
##############################
##########1###################
##############################
##############################
##############################
##############################
##############################
##############################
##############################

##############################
##############################
##############################
##############################
####2#########################
##############################
##############################
##############################
##############################
##############################
##############################
##############################
##############################
##############################
##############################
##############################

##############################
##############################
##############################
##############################
##############################
##############################
##############################
###################3##########
##############################
##############################
##############################
##############################
##############################
##############################
##############################
##############################

##############################
##############################
#####1########################
##############################
##############################
##############################
##############################
##############################
##############################
##############################
##############################
##############################
##############################
##############################
##############################
##############################

##############################
##############################
##############################
##############################
##############################
##############################
##############################
##############################
##############################
##############################
##############################
##############################
##############################
##############################
##########################3###
##############################

##############################
##############################
##############################
##############################
##############################
##############################
##############################
##############################
##############################
##############################
##############################
##############################
########################3#####
##############################
##############################
##############################

##############################
##############################
##############################
##############################
######################3#######
##############################
##############################
##############################
##############################
##############################
##############################
##############################
##############################
##############################
##############################
##############################

##############################
##############################
##############################
#######1######################
##############################
##############################
##############################
##############################
##############################
##############################
##############################
##############################
##############################
##############################
##############################
##############################

##############################
##############################
##############################
##############################
##############################
##############################
##############################
##############################
##############################
####################3#########
##############################
##############################
##############################
##############################
##############################
##############################

##############################
##############################
##############################
##############################
##############################
##############################
##############################
##############################
#######2######################
##############################
##############################
##############################
##############################
##############################
##############################
##############################

##############################
##############################
##############################
##############################
##############################
############################2#
##############################
##############################
##############################
##############################
##############################
##############################
##############################
##############################
##############################
##############################

##############################
##############################
##############################
##############################
##############################
##############################
##############################
##############################
####################3#########
##############################
##############################
##############################
##############################
##############################
##############################
##############################

##############################
##############################
##############################
##########4###################
##############################
##############################
##############################
##############################
##############################
##############################
##############################
##############################
##############################
##############################
##############################
##############################

##############################
##############################
##############################
##############################
##############################
##############################
##############################
##############################
#####################4########
##############################
##############################
##############################
##############################
##############################
##############################
##############################

#####################100000000
#####################201111110
#####################212####10
############################10
############################11
##############################
##############################
##############################
##############################
##############################
##############################
##############################
##############################
##############################
##############################
##############################

##############################
##############################
##############################
##############################
##############################
##############################
##############################
##############################
##############################
##############################
##############################
#########2####################
##############################
##############################
##############################
##############################

##############################
##############################
##############################
##############################
##############################
##############################
##############################
##############################
##############################
#############################1
##############################
##############################
##############################
##############################
##############################
##############################
