00000000
10000000
01000000
11000000
00100000
11100000
01100000
10100000
00010000
11110000
01010000
10110000
00110000
11010000
01110000
10010000
00001000
11111000
01001000
10111000
00101000
11011000
01101000
10011000
00011000
11101000
01011000
10101000
00111000
11001000
01111000
10001000
00000100
11111100
01000100
10111100
00100100
11011100
01100100
10011100
00010100
11101100
01010100
10101100
00110100
11001100
01110100
10001100
00001100
11110100
01001100
10110100
00101100
11010100
01101100
10010100
00011100
11100100
01011100
10100100
00111100
11000100
01111100
10000100
00000010
11111110
01000010
10111110
00100010
11011110
01100010
10011110
00010010
11101110
01010010
10101110
00110010
11001110
01110010
10001110
00001010
11110110
01001010
10110110
00101010
11010110
01101010
10010110
00011010
11100110
01011010
10100110
00111010
11000110
01111010
10000110
00000110
11111010
01000110
10111010
00100110
11011010
01100110
10011010
00010110
11101010
01010110
10101010
00110110
11001010
01110110
10001010
00001110
11110010
01001110
10110010
00101110
11010010
01101110
10010010
00011110
11100010
01011110
10100010
00111110
11000010
01111110
10000010
00000001
11111111
01000001
10111111
00100001
11011111
01100001
10011111
00010001
11101111
01010001
10101111
00110001
11001111
01110001
10001111
00001001
11110111
01001001
10110111
00101001
11010111
01101001
10010111
00011001
11100111
01011001
10100111
00111001
11000111
01111001
10000111
00000101
11111011
01000101
10111011
00100101
11011011
01100101
10011011
00010101
11101011
01010101
10101011
00110101
11001011
01110101
10001011
00001101
11110011
01001101
10110011
00101101
11010011
01101101
10010011
00011101
11100011
01011101
10100011
00111101
11000011
01111101
10000011
00000011
11111101
01000011
10111101
00100011
11011101
01100011
10011101
00010011
11101101
01010011
10101101
00110011
11001101
01110011
10001101
00001011
11110101
01001011
10110101
00101011
11010101
01101011
10010101
00011011
11100101
01011011
10100101
00111011
11000101
01111011
10000101
00000111
11111001
01000111
10111001
00100111
11011001
01100111
10011001
00010111
11101001
01010111
10101001
00110111
11001001
01110111
10001001
00001111
11110001
01001111
10110001
00101111
11010001
01101111
10010001
00011111
11100001
01011111
10100001
00111111
11000001
01111111
10000001
