39483
6035292
1476187680
6669566046086333877050194232995188906
133434353148
37866921973632
46278912087056
258913698078598524407446
88578661588126537
386140970899455642
623561632755702913
66114435687200959941726734
168704363040
3051624904
152386107989009040
2857219685158148717910271085
47289665732789876615529758
3496825168144843525272127485
2129476176141483689443
195392045680
2736780750
343210742886137730809416
7935158709435900
3903725071579194
13624165540916274212575844
198824822807187969260737
2644224438
444476768551859599772492
5526039954044037786288
2782701200651690
273914551364363208
2576618094619200503270
194415278486784344710660
19613042954111525956
12611042219257837716126148256025093490033577543892642928878825834719
11327149934936224176650158228054836385842272040494590854643258163604217132790148
39596547221895878067943674691147409147054305792678122059339399261040
619276153921191048012540
128194343764000510241187718054898814
17068281351964785978530133001423405376640329982332943028947804500516595823890002
457301549038017881120
437558413409963082113910
11776092136922110759354950
616553661362525123851493776260
512354186363241358366803489945083704281937558761500525359992
1016880215142688907599665102050021959699284024254194
6098018701664206934388219362926466174088672573419192054298658183496015648325209630928894470434422495
10977447729853728650103776863586284106287677975929961163350010
597483408143268919303561591317524398017030253652299938501360
22810030456788916560707525774461311990813149
27263176942478869926052310519258435569640047559765492200090768606616920685
332575721601415582925408193117868012130631832023957530786045993263837367975156095719
20042403874085250264791344577089311078638541295798233511925854449892166917642059020193852
67366289716981106055
243775210887385027474689533893463590
2441766033291988052423211188211366318809051987659176325678356771296375139060
5847163225424430422645845010955165916859886738503118356259681980683243287459952692
34083578829587992824431270046511610749726655868536536027065447018622543574
502352864029558480928041368674007568139629695888209511074368216898525321033333845816
117054287775487967026044409949075647774178395019380953694259700305906376250603329526
605545544110202290027216730868181586313337160034244296957402665790
261910310115920824077543357026098772785864958164583509764449
596603373103475884480826727648127693505358117092352
728145463520905335696253093554
446291913227647381697536423433890294858141626664716220691642
511945997557284556717870188778185439537049117000057025516308
890662031617225109218712042873957834300
3432209315223093706419033019
758445739252367468795962408876729975892624975540612366292091191657116727458297112514798572872
2523849051106860784691182174889271785662136775446327509449109269036514032152466707
2962582226820584985560922944903205918682448124406832542158129766102558612887444610218335
21222825131459292056868858549465092699092278939110496015081284749095437783654920041949173
87722831447951064865071001677439124187315745340006
59416697170526115743954086490517208091748230736198603236986264999998588848751282999641546972
4190377987230655673641680466033095902901884188141969002885961841654331200892780068352355345583141279
1988330148685237253759841476152196956402977812031605785741049925764423684638302739230359925942338566
4420145550674001604625462597892407256348846125609468793536878048399547417310450206418329724975772324
185374599749566978297644650996913051724100655377463697934773077136789939073165589863
25376997517675892640036299344832478321831505323842872791633311159942187541420550201571
1050671725722720
9
8609696405949383656039808453846562975449226785797484526899591504258033152563108242253058424567056029
955924407521172119711731242184852555837311155159719816006239058084250823900372839457896
1395023598523463306969148075892302579724716637077838657244716534866828657785485440177600001
152415789818625211424157899999999999999999999999986282578892345678888888888888888888888888888888889
15241578780673678515622620750190521
2291918490749025449253745432255490645910946397401309228674891036792230341451865922050156
9999999999999999999999999999999999999999999999999800000000000000000000000000000000000000000000000001
183677
1050690426221700
264
